<?xml version="1.0" encoding="UTF-8"?>
<coverage generated="1631129838163" clover="3.2.0">
  <project timestamp="1631129838164" name="All files">
    <metrics statements="7" coveredstatements="5" conditionals="0" coveredconditionals="0" methods="1" coveredmethods="0" elements="8" coveredelements="5" complexity="0" loc="7" ncloc="7" packages="2" files="3" classes="3"/>
    <package name="app">
      <metrics statements="4" coveredstatements="3" conditionals="0" coveredconditionals="0" methods="0" coveredmethods="0"/>
      <file name="app.component.html" path="/home/mmaryvon/Documents/projects/Cognizant/github/miam/frontend/src/app/app.component.html">
        <metrics statements="1" coveredstatements="1" conditionals="0" coveredconditionals="0" methods="0" coveredmethods="0"/>
        <line num="1" count="1" type="stmt"/>
      </file>
      <file name="app.component.ts" path="/home/mmaryvon/Documents/projects/Cognizant/github/miam/frontend/src/app/app.component.ts">
        <metrics statements="3" coveredstatements="2" conditionals="0" coveredconditionals="0" methods="0" coveredmethods="0"/>
        <line num="1" count="1" type="stmt"/>
        <line num="8" count="1" type="stmt"/>
        <line num="9" count="0" type="stmt"/>
      </file>
    </package>
    <package name="app.pipes">
      <metrics statements="3" coveredstatements="2" conditionals="0" coveredconditionals="0" methods="1" coveredmethods="0"/>
      <file name="decode-error-message.pipe.ts" path="/home/mmaryvon/Documents/projects/Cognizant/github/miam/frontend/src/app/pipes/decode-error-message.pipe.ts">
        <metrics statements="3" coveredstatements="2" conditionals="0" coveredconditionals="0" methods="1" coveredmethods="0"/>
        <line num="1" count="1" type="stmt"/>
        <line num="10" count="1" type="stmt"/>
        <line num="13" count="0" type="stmt"/>
      </file>
    </package>
  </project>
</coverage>
