<?xml version="1.0" encoding="UTF-8"?>
<coverage generated="1630573065403" clover="3.2.0">
  <project timestamp="1630573065403" name="All files">
    <metrics statements="3" coveredstatements="2" conditionals="0" coveredconditionals="0" methods="1" coveredmethods="0" elements="4" coveredelements="2" complexity="0" loc="3" ncloc="3" packages="1" files="1" classes="1"/>
    <file name="decode-error-message.pipe.ts" path="D:\Cognizant\Projet_Miam\miam\frontend\src\app\pipes\decode-error-message.pipe.ts">
      <metrics statements="3" coveredstatements="2" conditionals="0" coveredconditionals="0" methods="1" coveredmethods="0"/>
      <line num="1" count="1" type="stmt"/>
      <line num="10" count="1" type="stmt"/>
      <line num="13" count="0" type="stmt"/>
    </file>
  </project>
</coverage>
