{"D:\\Cognizant\\Projet_Miam\\miam\\frontend\\src\\app\\ingredient\\ingredient-service.service.ts": {"path":"D:\\Cognizant\\Projet_Miam\\miam\\frontend\\src\\app\\ingredient\\ingredient-service.service.ts","statementMap":{"0":{"start":{"line":1,"column":0},"end":{"line":1,"column":43}},"1":{"start":{"line":2,"column":0},"end":{"line":2,"column":9}},"2":{"start":{"line":4,"column":0},"end":{"line":4,"column":60}},"3":{"start":{"line":10,"column":37},"end":{"line":41,"column":null}},"4":{"start":{"line":14,"column":22},"end":{"line":14,"column":39}},"5":{"start":{"line":11,"column":11},"end":{"line":11,"column":42}},"6":{"start":{"line":12,"column":10},"end":{"line":12,"column":92}},"7":{"start":{"line":20,"column":6},"end":{"line":20,"column":115}},"8":{"start":{"line":26,"column":8},"end":{"line":26,"column":102}},"9":{"start":{"line":31,"column":5},"end":{"line":31,"column":122}},"10":{"start":{"line":35,"column":8},"end":{"line":35,"column":null}},"11":{"start":{"line":39,"column":8},"end":{"line":39,"column":null}},"12":{"start":{"line":10,"column":13},"end":{"line":41,"column":null}},"13":{"start":{"line":10,"column":13},"end":{"line":10,"column":37}}},"fnMap":{"0":{"name":"(anonymous_0)","decl":{"start":{"line":14,"column":2},"end":{"line":14,"column":22}},"loc":{"start":{"line":14,"column":39},"end":{"line":16,"column":3}}},"1":{"name":"(anonymous_1)","decl":{"start":{"line":18,"column":2},"end":{"line":18,"column":20}},"loc":{"start":{"line":18,"column":43},"end":{"line":23,"column":3}}},"2":{"name":"(anonymous_2)","decl":{"start":{"line":25,"column":3},"end":{"line":25,"column":22}},"loc":{"start":{"line":25,"column":22},"end":{"line":28,"column":4}}},"3":{"name":"(anonymous_3)","decl":{"start":{"line":30,"column":3},"end":{"line":30,"column":24}},"loc":{"start":{"line":30,"column":44},"end":{"line":32,"column":6}}},"4":{"name":"(anonymous_4)","decl":{"start":{"line":34,"column":3},"end":{"line":34,"column":21}},"loc":{"start":{"line":34,"column":35},"end":{"line":36,"column":4}}},"5":{"name":"(anonymous_5)","decl":{"start":{"line":38,"column":3},"end":{"line":38,"column":15}},"loc":{"start":{"line":38,"column":27},"end":{"line":40,"column":4}}}},"branchMap":{},"s":{"0":2,"1":2,"2":2,"3":2,"4":0,"5":0,"6":0,"7":0,"8":0,"9":0,"10":0,"11":0,"12":2,"13":2},"f":{"0":0,"1":0,"2":0,"3":0,"4":0,"5":0},"b":{}}
,"D:\\Cognizant\\Projet_Miam\\miam\\frontend\\src\\app\\ingredient\\ingredient\\ingredient.component.html": {"path":"D:\\Cognizant\\Projet_Miam\\miam\\frontend\\src\\app\\ingredient\\ingredient\\ingredient.component.html","statementMap":{"0":{"start":{"line":1,"column":0},"end":{"line":1,"column":544}}},"fnMap":{},"branchMap":{},"s":{"0":1},"f":{},"b":{},"inputSourceMap":null,"_coverageSchema":"1a1c01bbd47fc00a2c39e90264f33305004495a9","hash":"609c7c6c517c51934fc4f2233c62cd57bf938b70"}
,"D:\\Cognizant\\Projet_Miam\\miam\\frontend\\src\\app\\ingredient\\ingredient\\ingredient.component.ts": {"path":"D:\\Cognizant\\Projet_Miam\\miam\\frontend\\src\\app\\ingredient\\ingredient\\ingredient.component.ts","statementMap":{"0":{"start":{"line":1,"column":0},"end":{"line":1,"column":57}},"1":{"start":{"line":2,"column":0},"end":{"line":2,"column":9}},"2":{"start":{"line":9,"column":32},"end":{"line":28,"column":null}},"3":{"start":{"line":15,"column":12},"end":{"line":15,"column":55}},"4":{"start":{"line":10,"column":2},"end":{"line":10,"column":16}},"5":{"start":{"line":11,"column":11},"end":{"line":11,"column":30}},"6":{"start":{"line":12,"column":2},"end":{"line":12,"column":18}},"7":{"start":{"line":21,"column":4},"end":{"line":21,"column":24}},"8":{"start":{"line":25,"column":4},"end":{"line":26,"column":26}},"9":{"start":{"line":26,"column":6},"end":{"line":26,"column":26}},"10":{"start":{"line":9,"column":13},"end":{"line":28,"column":null}},"11":{"start":{"line":9,"column":13},"end":{"line":9,"column":32}}},"fnMap":{"0":{"name":"(anonymous_0)","decl":{"start":{"line":14,"column":2},"end":{"line":14,"column":null}},"loc":{"start":{"line":15,"column":55},"end":{"line":15,"column":58}}},"1":{"name":"(anonymous_1)","decl":{"start":{"line":17,"column":2},"end":{"line":17,"column":10}},"loc":{"start":{"line":17,"column":10},"end":{"line":18,"column":3}}},"2":{"name":"(anonymous_2)","decl":{"start":{"line":20,"column":2},"end":{"line":20,"column":10}},"loc":{"start":{"line":20,"column":10},"end":{"line":22,"column":3}}},"3":{"name":"(anonymous_3)","decl":{"start":{"line":24,"column":2},"end":{"line":24,"column":13}},"loc":{"start":{"line":24,"column":13},"end":{"line":27,"column":3}}}},"branchMap":{"0":{"loc":{"start":{"line":25,"column":4},"end":{"line":26,"column":26}},"type":"if","locations":[{"start":{"line":25,"column":4},"end":{"line":26,"column":26}},{"start":{"line":25,"column":4},"end":{"line":26,"column":26}}]}},"s":{"0":1,"1":1,"2":1,"3":0,"4":0,"5":0,"6":0,"7":0,"8":0,"9":0,"10":1,"11":1},"f":{"0":0,"1":0,"2":0,"3":0},"b":{"0":[0,0]}}
,"D:\\Cognizant\\Projet_Miam\\miam\\frontend\\src\\app\\recipe\\recipe-service.service.ts": {"path":"D:\\Cognizant\\Projet_Miam\\miam\\frontend\\src\\app\\recipe\\recipe-service.service.ts","statementMap":{"0":{"start":{"line":1,"column":0},"end":{"line":1,"column":43}},"1":{"start":{"line":2,"column":0},"end":{"line":2,"column":9}},"2":{"start":{"line":3,"column":0},"end":{"line":3,"column":60}},"3":{"start":{"line":10,"column":33},"end":{"line":28,"column":null}},"4":{"start":{"line":14,"column":22},"end":{"line":14,"column":39}},"5":{"start":{"line":11,"column":11},"end":{"line":11,"column":38}},"6":{"start":{"line":12,"column":10},"end":{"line":12,"column":92}},"7":{"start":{"line":18,"column":4},"end":{"line":18,"column":109}},"8":{"start":{"line":22,"column":4},"end":{"line":22,"column":98}},"9":{"start":{"line":26,"column":4},"end":{"line":26,"column":null}},"10":{"start":{"line":10,"column":13},"end":{"line":28,"column":null}},"11":{"start":{"line":10,"column":13},"end":{"line":10,"column":33}}},"fnMap":{"0":{"name":"(anonymous_0)","decl":{"start":{"line":14,"column":2},"end":{"line":14,"column":22}},"loc":{"start":{"line":14,"column":39},"end":{"line":15,"column":3}}},"1":{"name":"(anonymous_1)","decl":{"start":{"line":17,"column":2},"end":{"line":17,"column":12}},"loc":{"start":{"line":17,"column":27},"end":{"line":19,"column":3}}},"2":{"name":"(anonymous_2)","decl":{"start":{"line":21,"column":2},"end":{"line":21,"column":15}},"loc":{"start":{"line":21,"column":15},"end":{"line":23,"column":3}}},"3":{"name":"(anonymous_3)","decl":{"start":{"line":25,"column":2},"end":{"line":25,"column":12}},"loc":{"start":{"line":25,"column":24},"end":{"line":27,"column":3}}}},"branchMap":{},"s":{"0":1,"1":1,"2":1,"3":1,"4":0,"5":0,"6":0,"7":0,"8":0,"9":0,"10":1,"11":1},"f":{"0":0,"1":0,"2":0,"3":0},"b":{}}
,"D:\\Cognizant\\Projet_Miam\\miam\\frontend\\src\\app\\recipe\\recipe\\recipe.component.html": {"path":"D:\\Cognizant\\Projet_Miam\\miam\\frontend\\src\\app\\recipe\\recipe\\recipe.component.html","statementMap":{"0":{"start":{"line":1,"column":0},"end":{"line":1,"column":544}}},"fnMap":{},"branchMap":{},"s":{"0":1},"f":{},"b":{},"inputSourceMap":null,"_coverageSchema":"1a1c01bbd47fc00a2c39e90264f33305004495a9","hash":"b6d6002331256638316a74b03174ab7ccf2f8b71"}
,"D:\\Cognizant\\Projet_Miam\\miam\\frontend\\src\\app\\recipe\\recipe\\recipe.component.ts": {"path":"D:\\Cognizant\\Projet_Miam\\miam\\frontend\\src\\app\\recipe\\recipe\\recipe.component.ts","statementMap":{"0":{"start":{"line":1,"column":0},"end":{"line":1,"column":57}},"1":{"start":{"line":9,"column":28},"end":{"line":20,"column":null}},"2":{"start":{"line":13,"column":11},"end":{"line":13,"column":56}},"3":{"start":{"line":17,"column":4},"end":{"line":17,"column":null}},"4":{"start":{"line":9,"column":13},"end":{"line":20,"column":null}},"5":{"start":{"line":9,"column":13},"end":{"line":9,"column":28}}},"fnMap":{"0":{"name":"(anonymous_0)","decl":{"start":{"line":14,"column":2},"end":{"line":14,"column":18}},"loc":{"start":{"line":14,"column":2},"end":{"line":14,"column":19}}},"1":{"name":"(anonymous_1)","decl":{"start":{"line":16,"column":2},"end":{"line":16,"column":10}},"loc":{"start":{"line":16,"column":10},"end":{"line":18,"column":3}}}},"branchMap":{},"s":{"0":1,"1":1,"2":0,"3":0,"4":1,"5":1},"f":{"0":0,"1":0},"b":{}}
,"D:\\Cognizant\\Projet_Miam\\miam\\frontend\\src\\app\\recipe\\recipe-page\\recipe-page.component.html": {"path":"D:\\Cognizant\\Projet_Miam\\miam\\frontend\\src\\app\\recipe\\recipe-page\\recipe-page.component.html","statementMap":{"0":{"start":{"line":1,"column":0},"end":{"line":1,"column":46}}},"fnMap":{},"branchMap":{},"s":{"0":1},"f":{},"b":{},"inputSourceMap":null,"_coverageSchema":"1a1c01bbd47fc00a2c39e90264f33305004495a9","hash":"1fc3ba8a1381f6ba587429e32164a45fca554415"}
,"D:\\Cognizant\\Projet_Miam\\miam\\frontend\\src\\app\\recipe\\recipe-page\\recipe-page.component.ts": {"path":"D:\\Cognizant\\Projet_Miam\\miam\\frontend\\src\\app\\recipe\\recipe-page\\recipe-page.component.ts","statementMap":{"0":{"start":{"line":1,"column":0},"end":{"line":1,"column":50}},"1":{"start":{"line":8,"column":32},"end":{"line":15,"column":null}},"2":{"start":{"line":8,"column":13},"end":{"line":15,"column":null}},"3":{"start":{"line":8,"column":13},"end":{"line":8,"column":32}}},"fnMap":{"0":{"name":"(anonymous_0)","decl":{"start":{"line":10,"column":2},"end":{"line":10,"column":18}},"loc":{"start":{"line":10,"column":2},"end":{"line":10,"column":19}}},"1":{"name":"(anonymous_1)","decl":{"start":{"line":12,"column":2},"end":{"line":12,"column":10}},"loc":{"start":{"line":12,"column":10},"end":{"line":13,"column":3}}}},"branchMap":{},"s":{"0":1,"1":1,"2":1,"3":1},"f":{"0":0,"1":0},"b":{}}
,"D:\\Cognizant\\Projet_Miam\\miam\\frontend\\src\\environments\\environment.ts": {"path":"D:\\Cognizant\\Projet_Miam\\miam\\frontend\\src\\environments\\environment.ts","statementMap":{"0":{"start":{"line":5,"column":13},"end":{"line":8,"column":2}}},"fnMap":{},"branchMap":{},"s":{"0":3},"f":{},"b":{}}
}
