{"D:\\Cognizant\\Projet_Miam\\miam\\frontend\\src\\app\\global\\alert\\alert.component.html": {"path":"D:\\Cognizant\\Projet_Miam\\miam\\frontend\\src\\app\\global\\alert\\alert.component.html","statementMap":{"0":{"start":{"line":1,"column":0},"end":{"line":1,"column":179}}},"fnMap":{},"branchMap":{},"s":{"0":1},"f":{},"b":{},"inputSourceMap":null,"_coverageSchema":"1a1c01bbd47fc00a2c39e90264f33305004495a9","hash":"1854ab7462a4ffac2db8581f72d97d7ad05c3626"}
,"D:\\Cognizant\\Projet_Miam\\miam\\frontend\\src\\app\\global\\alert\\alert.component.ts": {"path":"D:\\Cognizant\\Projet_Miam\\miam\\frontend\\src\\app\\global\\alert\\alert.component.ts","statementMap":{"0":{"start":{"line":1,"column":0},"end":{"line":1,"column":41}},"1":{"start":{"line":4,"column":27},"end":{"line":5,"column":null}},"2":{"start":{"line":4,"column":13},"end":{"line":5,"column":null}},"3":{"start":{"line":4,"column":13},"end":{"line":4,"column":27}}},"fnMap":{},"branchMap":{},"s":{"0":1,"1":1,"2":1,"3":1},"f":{},"b":{}}
,"D:\\Cognizant\\Projet_Miam\\miam\\frontend\\src\\app\\global\\card-menu\\card-menu.component.html": {"path":"D:\\Cognizant\\Projet_Miam\\miam\\frontend\\src\\app\\global\\card-menu\\card-menu.component.html","statementMap":{"0":{"start":{"line":1,"column":0},"end":{"line":1,"column":726}}},"fnMap":{},"branchMap":{},"s":{"0":1},"f":{},"b":{},"inputSourceMap":null,"_coverageSchema":"1a1c01bbd47fc00a2c39e90264f33305004495a9","hash":"5a0ff43f52525f75df59a39bcc3bba1c5622f8de"}
,"D:\\Cognizant\\Projet_Miam\\miam\\frontend\\src\\app\\global\\card-menu\\card-menu.component.ts": {"path":"D:\\Cognizant\\Projet_Miam\\miam\\frontend\\src\\app\\global\\card-menu\\card-menu.component.ts","statementMap":{"0":{"start":{"line":1,"column":0},"end":{"line":1,"column":57}},"1":{"start":{"line":9,"column":30},"end":{"line":17,"column":null}},"2":{"start":{"line":10,"column":11},"end":{"line":10,"column":null}},"3":{"start":{"line":9,"column":13},"end":{"line":17,"column":null}},"4":{"start":{"line":9,"column":13},"end":{"line":9,"column":30}}},"fnMap":{"0":{"name":"(anonymous_0)","decl":{"start":{"line":12,"column":2},"end":{"line":12,"column":18}},"loc":{"start":{"line":12,"column":2},"end":{"line":12,"column":19}}},"1":{"name":"(anonymous_1)","decl":{"start":{"line":14,"column":2},"end":{"line":14,"column":10}},"loc":{"start":{"line":14,"column":10},"end":{"line":15,"column":3}}}},"branchMap":{},"s":{"0":1,"1":1,"2":0,"3":1,"4":1},"f":{"0":0,"1":0},"b":{}}
,"D:\\Cognizant\\Projet_Miam\\miam\\frontend\\src\\app\\global\\dialog-box\\dialog-box.component.html": {"path":"D:\\Cognizant\\Projet_Miam\\miam\\frontend\\src\\app\\global\\dialog-box\\dialog-box.component.html","statementMap":{"0":{"start":{"line":1,"column":0},"end":{"line":1,"column":549}}},"fnMap":{},"branchMap":{},"s":{"0":1},"f":{},"b":{},"inputSourceMap":null,"_coverageSchema":"1a1c01bbd47fc00a2c39e90264f33305004495a9","hash":"6f93efb7bec430ce8776950571923a28ec51dede"}
,"D:\\Cognizant\\Projet_Miam\\miam\\frontend\\src\\app\\global\\dialog-box\\dialog-box.component.ts": {"path":"D:\\Cognizant\\Projet_Miam\\miam\\frontend\\src\\app\\global\\dialog-box\\dialog-box.component.ts","statementMap":{"0":{"start":{"line":1,"column":0},"end":{"line":1,"column":62}},"1":{"start":{"line":2,"column":0},"end":{"line":2,"column":9}},"2":{"start":{"line":9,"column":31},"end":{"line":16,"column":null}},"3":{"start":{"line":15,"column":21},"end":{"line":15,"column":48}},"4":{"start":{"line":14,"column":2},"end":{"line":14,"column":null}},"5":{"start":{"line":9,"column":13},"end":{"line":16,"column":null}},"6":{"start":{"line":9,"column":13},"end":{"line":9,"column":31}}},"fnMap":{"0":{"name":"(anonymous_0)","decl":{"start":{"line":15,"column":2},"end":{"line":15,"column":21}},"loc":{"start":{"line":15,"column":48},"end":{"line":15,"column":52}}}},"branchMap":{},"s":{"0":1,"1":1,"2":1,"3":0,"4":0,"5":1,"6":1},"f":{"0":0},"b":{}}
,"D:\\Cognizant\\Projet_Miam\\miam\\frontend\\src\\app\\global\\dropdown-form\\dropdown-form.component.html": {"path":"D:\\Cognizant\\Projet_Miam\\miam\\frontend\\src\\app\\global\\dropdown-form\\dropdown-form.component.html","statementMap":{"0":{"start":{"line":1,"column":0},"end":{"line":1,"column":1617}}},"fnMap":{},"branchMap":{},"s":{"0":1},"f":{},"b":{},"inputSourceMap":null,"_coverageSchema":"1a1c01bbd47fc00a2c39e90264f33305004495a9","hash":"ee08221605d342690abffd7540745886c75f7bc8"}
,"D:\\Cognizant\\Projet_Miam\\miam\\frontend\\src\\app\\global\\dropdown-form\\dropdown-form.component.ts": {"path":"D:\\Cognizant\\Projet_Miam\\miam\\frontend\\src\\app\\global\\dropdown-form\\dropdown-form.component.ts","statementMap":{"0":{"start":{"line":1,"column":0},"end":{"line":1,"column":42}},"1":{"start":{"line":8,"column":34},"end":{"line":9,"column":null}},"2":{"start":{"line":8,"column":13},"end":{"line":9,"column":null}},"3":{"start":{"line":8,"column":13},"end":{"line":8,"column":34}}},"fnMap":{},"branchMap":{},"s":{"0":1,"1":1,"2":1,"3":1},"f":{},"b":{}}
,"D:\\Cognizant\\Projet_Miam\\miam\\frontend\\src\\app\\global\\error-input\\error-input.component.html": {"path":"D:\\Cognizant\\Projet_Miam\\miam\\frontend\\src\\app\\global\\error-input\\error-input.component.html","statementMap":{"0":{"start":{"line":1,"column":0},"end":{"line":1,"column":267}}},"fnMap":{},"branchMap":{},"s":{"0":1},"f":{},"b":{},"inputSourceMap":null,"_coverageSchema":"1a1c01bbd47fc00a2c39e90264f33305004495a9","hash":"3c0431f2b031e1a2a0218ec1ab5b5808b90c5feb"}
,"D:\\Cognizant\\Projet_Miam\\miam\\frontend\\src\\app\\global\\error-input\\error-input.component.ts": {"path":"D:\\Cognizant\\Projet_Miam\\miam\\frontend\\src\\app\\global\\error-input\\error-input.component.ts","statementMap":{"0":{"start":{"line":1,"column":0},"end":{"line":1,"column":48}},"1":{"start":{"line":2,"column":0},"end":{"line":2,"column":118}},"2":{"start":{"line":9,"column":32},"end":{"line":48,"column":null}},"3":{"start":{"line":14,"column":4},"end":{"line":16,"column":57}},"4":{"start":{"line":20,"column":25},"end":{"line":20,"column":27}},"5":{"start":{"line":21,"column":4},"end":{"line":23,"column":null}},"6":{"start":{"line":22,"column":6},"end":{"line":22,"column":48}},"7":{"start":{"line":24,"column":4},"end":{"line":24,"column":17}},"8":{"start":{"line":28,"column":4},"end":{"line":45,"column":7}},"9":{"start":{"line":29,"column":8},"end":{"line":29,"column":45}},"10":{"start":{"line":30,"column":8},"end":{"line":44,"column":null}},"11":{"start":{"line":31,"column":12},"end":{"line":31,"column":49}},"12":{"start":{"line":33,"column":13},"end":{"line":44,"column":null}},"13":{"start":{"line":34,"column":34},"end":{"line":34,"column":54}},"14":{"start":{"line":35,"column":12},"end":{"line":37,"column":15}},"15":{"start":{"line":36,"column":14},"end":{"line":36,"column":67}},"16":{"start":{"line":39,"column":13},"end":{"line":44,"column":null}},"17":{"start":{"line":40,"column":34},"end":{"line":40,"column":54}},"18":{"start":{"line":41,"column":12},"end":{"line":43,"column":15}},"19":{"start":{"line":42,"column":14},"end":{"line":42,"column":75}},"20":{"start":{"line":9,"column":13},"end":{"line":48,"column":null}},"21":{"start":{"line":9,"column":13},"end":{"line":9,"column":32}}},"fnMap":{"0":{"name":"(anonymous_0)","decl":{"start":{"line":13,"column":2},"end":{"line":13,"column":6}},"loc":{"start":{"line":13,"column":15},"end":{"line":17,"column":3}}},"1":{"name":"(anonymous_1)","decl":{"start":{"line":19,"column":2},"end":{"line":19,"column":15}},"loc":{"start":{"line":19,"column":15},"end":{"line":25,"column":3}}},"2":{"name":"(anonymous_2)","decl":{"start":{"line":27,"column":9},"end":{"line":27,"column":15}},"loc":{"start":{"line":27,"column":48},"end":{"line":46,"column":1}}},"3":{"name":"(anonymous_3)","decl":{"start":{"line":28,"column":35},"end":{"line":28,"column":36}},"loc":{"start":{"line":28,"column":45},"end":{"line":45,"column":5}}},"4":{"name":"(anonymous_4)","decl":{"start":{"line":35,"column":54},"end":{"line":35,"column":55}},"loc":{"start":{"line":35,"column":69},"end":{"line":37,"column":13}}},"5":{"name":"(anonymous_5)","decl":{"start":{"line":41,"column":54},"end":{"line":41,"column":55}},"loc":{"start":{"line":41,"column":69},"end":{"line":43,"column":13}}}},"branchMap":{"0":{"loc":{"start":{"line":14,"column":11},"end":{"line":14,"column":23}},"type":"binary-expr","locations":[{"start":{"line":14,"column":11},"end":{"line":14,"column":23}},{"start":{"line":15,"column":12},"end":{"line":15,"column":31}},{"start":{"line":16,"column":13},"end":{"line":16,"column":31}},{"start":{"line":16,"column":35},"end":{"line":16,"column":55}}]},"1":{"loc":{"start":{"line":21,"column":4},"end":{"line":23,"column":null}},"type":"if","locations":[{"start":{"line":21,"column":4},"end":{"line":23,"column":null}},{"start":{"line":21,"column":4},"end":{"line":23,"column":null}}]},"2":{"loc":{"start":{"line":21,"column":7},"end":{"line":21,"column":19}},"type":"binary-expr","locations":[{"start":{"line":21,"column":7},"end":{"line":21,"column":19}},{"start":{"line":21,"column":23},"end":{"line":21,"column":42}}]},"3":{"loc":{"start":{"line":30,"column":8},"end":{"line":44,"column":null}},"type":"if","locations":[{"start":{"line":30,"column":8},"end":{"line":44,"column":null}},{"start":{"line":30,"column":8},"end":{"line":44,"column":null}}]},"4":{"loc":{"start":{"line":33,"column":13},"end":{"line":44,"column":null}},"type":"if","locations":[{"start":{"line":33,"column":13},"end":{"line":44,"column":null}},{"start":{"line":33,"column":13},"end":{"line":44,"column":null}}]},"5":{"loc":{"start":{"line":39,"column":13},"end":{"line":44,"column":null}},"type":"if","locations":[{"start":{"line":39,"column":13},"end":{"line":44,"column":null}},{"start":{"line":39,"column":13},"end":{"line":44,"column":null}}]}},"s":{"0":1,"1":1,"2":1,"3":0,"4":0,"5":0,"6":0,"7":0,"8":0,"9":0,"10":0,"11":0,"12":0,"13":0,"14":0,"15":0,"16":0,"17":0,"18":0,"19":0,"20":1,"21":1},"f":{"0":0,"1":0,"2":0,"3":0,"4":0,"5":0},"b":{"0":[0,0,0,0],"1":[0,0],"2":[0,0],"3":[0,0],"4":[0,0],"5":[0,0]}}
,"D:\\Cognizant\\Projet_Miam\\miam\\frontend\\src\\app\\global\\image-uploader\\image-uploader.component.html": {"path":"D:\\Cognizant\\Projet_Miam\\miam\\frontend\\src\\app\\global\\image-uploader\\image-uploader.component.html","statementMap":{"0":{"start":{"line":1,"column":0},"end":{"line":1,"column":49}}},"fnMap":{},"branchMap":{},"s":{"0":1},"f":{},"b":{},"inputSourceMap":null,"_coverageSchema":"1a1c01bbd47fc00a2c39e90264f33305004495a9","hash":"9fec37f44db2a2a0b3e19ac894d60edfd08355d6"}
,"D:\\Cognizant\\Projet_Miam\\miam\\frontend\\src\\app\\global\\image-uploader\\image-uploader.component.ts": {"path":"D:\\Cognizant\\Projet_Miam\\miam\\frontend\\src\\app\\global\\image-uploader\\image-uploader.component.ts","statementMap":{"0":{"start":{"line":1,"column":0},"end":{"line":1,"column":50}},"1":{"start":{"line":8,"column":35},"end":{"line":15,"column":null}},"2":{"start":{"line":8,"column":13},"end":{"line":15,"column":null}},"3":{"start":{"line":8,"column":13},"end":{"line":8,"column":35}}},"fnMap":{"0":{"name":"(anonymous_0)","decl":{"start":{"line":10,"column":2},"end":{"line":10,"column":18}},"loc":{"start":{"line":10,"column":2},"end":{"line":10,"column":19}}},"1":{"name":"(anonymous_1)","decl":{"start":{"line":12,"column":2},"end":{"line":12,"column":10}},"loc":{"start":{"line":12,"column":10},"end":{"line":13,"column":3}}}},"branchMap":{},"s":{"0":1,"1":1,"2":1,"3":1},"f":{"0":0,"1":0},"b":{}}
,"D:\\Cognizant\\Projet_Miam\\miam\\frontend\\src\\app\\ingredient\\ingredient-service.service.ts": {"path":"D:\\Cognizant\\Projet_Miam\\miam\\frontend\\src\\app\\ingredient\\ingredient-service.service.ts","statementMap":{"0":{"start":{"line":1,"column":0},"end":{"line":1,"column":43}},"1":{"start":{"line":2,"column":0},"end":{"line":2,"column":9}},"2":{"start":{"line":4,"column":0},"end":{"line":4,"column":60}},"3":{"start":{"line":10,"column":37},"end":{"line":41,"column":null}},"4":{"start":{"line":14,"column":22},"end":{"line":14,"column":39}},"5":{"start":{"line":11,"column":11},"end":{"line":11,"column":42}},"6":{"start":{"line":12,"column":10},"end":{"line":12,"column":92}},"7":{"start":{"line":20,"column":6},"end":{"line":20,"column":115}},"8":{"start":{"line":26,"column":8},"end":{"line":26,"column":102}},"9":{"start":{"line":31,"column":5},"end":{"line":31,"column":122}},"10":{"start":{"line":35,"column":8},"end":{"line":35,"column":null}},"11":{"start":{"line":39,"column":8},"end":{"line":39,"column":null}},"12":{"start":{"line":10,"column":13},"end":{"line":41,"column":null}},"13":{"start":{"line":10,"column":13},"end":{"line":10,"column":37}}},"fnMap":{"0":{"name":"(anonymous_0)","decl":{"start":{"line":14,"column":2},"end":{"line":14,"column":22}},"loc":{"start":{"line":14,"column":39},"end":{"line":16,"column":3}}},"1":{"name":"(anonymous_1)","decl":{"start":{"line":18,"column":2},"end":{"line":18,"column":20}},"loc":{"start":{"line":18,"column":43},"end":{"line":23,"column":3}}},"2":{"name":"(anonymous_2)","decl":{"start":{"line":25,"column":3},"end":{"line":25,"column":22}},"loc":{"start":{"line":25,"column":22},"end":{"line":28,"column":4}}},"3":{"name":"(anonymous_3)","decl":{"start":{"line":30,"column":3},"end":{"line":30,"column":24}},"loc":{"start":{"line":30,"column":44},"end":{"line":32,"column":6}}},"4":{"name":"(anonymous_4)","decl":{"start":{"line":34,"column":3},"end":{"line":34,"column":21}},"loc":{"start":{"line":34,"column":35},"end":{"line":36,"column":4}}},"5":{"name":"(anonymous_5)","decl":{"start":{"line":38,"column":3},"end":{"line":38,"column":15}},"loc":{"start":{"line":38,"column":27},"end":{"line":40,"column":4}}}},"branchMap":{},"s":{"0":2,"1":2,"2":2,"3":2,"4":0,"5":0,"6":0,"7":0,"8":0,"9":0,"10":0,"11":0,"12":2,"13":2},"f":{"0":0,"1":0,"2":0,"3":0,"4":0,"5":0},"b":{}}
,"D:\\Cognizant\\Projet_Miam\\miam\\frontend\\src\\app\\ingredient\\ingredient\\ingredient.component.html": {"path":"D:\\Cognizant\\Projet_Miam\\miam\\frontend\\src\\app\\ingredient\\ingredient\\ingredient.component.html","statementMap":{"0":{"start":{"line":1,"column":0},"end":{"line":1,"column":544}}},"fnMap":{},"branchMap":{},"s":{"0":1},"f":{},"b":{},"inputSourceMap":null,"_coverageSchema":"1a1c01bbd47fc00a2c39e90264f33305004495a9","hash":"609c7c6c517c51934fc4f2233c62cd57bf938b70"}
,"D:\\Cognizant\\Projet_Miam\\miam\\frontend\\src\\app\\ingredient\\ingredient\\ingredient.component.ts": {"path":"D:\\Cognizant\\Projet_Miam\\miam\\frontend\\src\\app\\ingredient\\ingredient\\ingredient.component.ts","statementMap":{"0":{"start":{"line":1,"column":0},"end":{"line":1,"column":57}},"1":{"start":{"line":2,"column":0},"end":{"line":2,"column":9}},"2":{"start":{"line":9,"column":32},"end":{"line":28,"column":null}},"3":{"start":{"line":15,"column":12},"end":{"line":15,"column":55}},"4":{"start":{"line":10,"column":2},"end":{"line":10,"column":16}},"5":{"start":{"line":11,"column":11},"end":{"line":11,"column":30}},"6":{"start":{"line":12,"column":2},"end":{"line":12,"column":18}},"7":{"start":{"line":21,"column":4},"end":{"line":21,"column":24}},"8":{"start":{"line":25,"column":4},"end":{"line":26,"column":26}},"9":{"start":{"line":26,"column":6},"end":{"line":26,"column":26}},"10":{"start":{"line":9,"column":13},"end":{"line":28,"column":null}},"11":{"start":{"line":9,"column":13},"end":{"line":9,"column":32}}},"fnMap":{"0":{"name":"(anonymous_0)","decl":{"start":{"line":14,"column":2},"end":{"line":14,"column":null}},"loc":{"start":{"line":15,"column":55},"end":{"line":15,"column":58}}},"1":{"name":"(anonymous_1)","decl":{"start":{"line":17,"column":2},"end":{"line":17,"column":10}},"loc":{"start":{"line":17,"column":10},"end":{"line":18,"column":3}}},"2":{"name":"(anonymous_2)","decl":{"start":{"line":20,"column":2},"end":{"line":20,"column":10}},"loc":{"start":{"line":20,"column":10},"end":{"line":22,"column":3}}},"3":{"name":"(anonymous_3)","decl":{"start":{"line":24,"column":2},"end":{"line":24,"column":13}},"loc":{"start":{"line":24,"column":13},"end":{"line":27,"column":3}}}},"branchMap":{"0":{"loc":{"start":{"line":25,"column":4},"end":{"line":26,"column":26}},"type":"if","locations":[{"start":{"line":25,"column":4},"end":{"line":26,"column":26}},{"start":{"line":25,"column":4},"end":{"line":26,"column":26}}]}},"s":{"0":1,"1":1,"2":1,"3":0,"4":0,"5":0,"6":0,"7":0,"8":0,"9":0,"10":1,"11":1},"f":{"0":0,"1":0,"2":0,"3":0},"b":{"0":[0,0]}}
,"D:\\Cognizant\\Projet_Miam\\miam\\frontend\\src\\app\\layout\\app-body\\app-body.component.html": {"path":"D:\\Cognizant\\Projet_Miam\\miam\\frontend\\src\\app\\layout\\app-body\\app-body.component.html","statementMap":{"0":{"start":{"line":1,"column":0},"end":{"line":1,"column":153}}},"fnMap":{},"branchMap":{},"s":{"0":1},"f":{},"b":{},"inputSourceMap":null,"_coverageSchema":"1a1c01bbd47fc00a2c39e90264f33305004495a9","hash":"779b248b26b8194da704b9ca1f7d759e73965881"}
,"D:\\Cognizant\\Projet_Miam\\miam\\frontend\\src\\app\\layout\\app-body\\app-body.component.ts": {"path":"D:\\Cognizant\\Projet_Miam\\miam\\frontend\\src\\app\\layout\\app-body\\app-body.component.ts","statementMap":{"0":{"start":{"line":1,"column":0},"end":{"line":1,"column":50}},"1":{"start":{"line":8,"column":29},"end":{"line":15,"column":null}},"2":{"start":{"line":8,"column":13},"end":{"line":15,"column":null}},"3":{"start":{"line":8,"column":13},"end":{"line":8,"column":29}}},"fnMap":{"0":{"name":"(anonymous_0)","decl":{"start":{"line":10,"column":2},"end":{"line":10,"column":18}},"loc":{"start":{"line":10,"column":2},"end":{"line":10,"column":19}}},"1":{"name":"(anonymous_1)","decl":{"start":{"line":12,"column":2},"end":{"line":12,"column":10}},"loc":{"start":{"line":12,"column":10},"end":{"line":13,"column":3}}}},"branchMap":{},"s":{"0":1,"1":1,"2":1,"3":1},"f":{"0":0,"1":0},"b":{}}
,"D:\\Cognizant\\Projet_Miam\\miam\\frontend\\src\\app\\layout\\app-footer\\app-footer.component.html": {"path":"D:\\Cognizant\\Projet_Miam\\miam\\frontend\\src\\app\\layout\\app-footer\\app-footer.component.html","statementMap":{"0":{"start":{"line":1,"column":0},"end":{"line":1,"column":617}}},"fnMap":{},"branchMap":{},"s":{"0":1},"f":{},"b":{},"inputSourceMap":null,"_coverageSchema":"1a1c01bbd47fc00a2c39e90264f33305004495a9","hash":"76dbfbcf7ef2a70bc474f1b2aa4c8ac74bf737af"}
,"D:\\Cognizant\\Projet_Miam\\miam\\frontend\\src\\app\\layout\\app-footer\\app-footer.component.ts": {"path":"D:\\Cognizant\\Projet_Miam\\miam\\frontend\\src\\app\\layout\\app-footer\\app-footer.component.ts","statementMap":{"0":{"start":{"line":1,"column":0},"end":{"line":1,"column":50}},"1":{"start":{"line":4,"column":0},"end":{"line":4,"column":61}},"2":{"start":{"line":5,"column":0},"end":{"line":5,"column":110}},"3":{"start":{"line":12,"column":31},"end":{"line":24,"column":null}},"4":{"start":{"line":13,"column":2},"end":{"line":13,"column":22}},"5":{"start":{"line":14,"column":2},"end":{"line":14,"column":24}},"6":{"start":{"line":15,"column":2},"end":{"line":15,"column":28}},"7":{"start":{"line":16,"column":2},"end":{"line":16,"column":26}},"8":{"start":{"line":17,"column":2},"end":{"line":17,"column":22}},"9":{"start":{"line":18,"column":2},"end":{"line":18,"column":26}},"10":{"start":{"line":12,"column":13},"end":{"line":24,"column":null}},"11":{"start":{"line":12,"column":13},"end":{"line":12,"column":31}}},"fnMap":{"0":{"name":"(anonymous_0)","decl":{"start":{"line":19,"column":2},"end":{"line":19,"column":18}},"loc":{"start":{"line":19,"column":2},"end":{"line":19,"column":19}}},"1":{"name":"(anonymous_1)","decl":{"start":{"line":21,"column":2},"end":{"line":21,"column":10}},"loc":{"start":{"line":21,"column":10},"end":{"line":22,"column":3}}}},"branchMap":{},"s":{"0":1,"1":1,"2":1,"3":1,"4":0,"5":0,"6":0,"7":0,"8":0,"9":0,"10":1,"11":1},"f":{"0":0,"1":0},"b":{}}
,"D:\\Cognizant\\Projet_Miam\\miam\\frontend\\src\\app\\layout\\app-header\\app-header.component.html": {"path":"D:\\Cognizant\\Projet_Miam\\miam\\frontend\\src\\app\\layout\\app-header\\app-header.component.html","statementMap":{"0":{"start":{"line":1,"column":0},"end":{"line":1,"column":1109}}},"fnMap":{},"branchMap":{},"s":{"0":1},"f":{},"b":{},"inputSourceMap":null,"_coverageSchema":"1a1c01bbd47fc00a2c39e90264f33305004495a9","hash":"67a89af1c13ebad1af97990f189bcfcd5db6b511"}
,"D:\\Cognizant\\Projet_Miam\\miam\\frontend\\src\\app\\layout\\app-header\\app-header.component.ts": {"path":"D:\\Cognizant\\Projet_Miam\\miam\\frontend\\src\\app\\layout\\app-header\\app-header.component.ts","statementMap":{"0":{"start":{"line":1,"column":0},"end":{"line":1,"column":50}},"1":{"start":{"line":8,"column":31},"end":{"line":15,"column":null}},"2":{"start":{"line":8,"column":13},"end":{"line":15,"column":null}},"3":{"start":{"line":8,"column":13},"end":{"line":8,"column":31}}},"fnMap":{"0":{"name":"(anonymous_0)","decl":{"start":{"line":10,"column":2},"end":{"line":10,"column":18}},"loc":{"start":{"line":10,"column":2},"end":{"line":10,"column":19}}},"1":{"name":"(anonymous_1)","decl":{"start":{"line":12,"column":2},"end":{"line":12,"column":10}},"loc":{"start":{"line":12,"column":10},"end":{"line":13,"column":3}}}},"branchMap":{},"s":{"0":1,"1":1,"2":1,"3":1},"f":{"0":0,"1":0},"b":{}}
,"D:\\Cognizant\\Projet_Miam\\miam\\frontend\\src\\app\\layout\\app-toolbar\\app-toolbar.component.html": {"path":"D:\\Cognizant\\Projet_Miam\\miam\\frontend\\src\\app\\layout\\app-toolbar\\app-toolbar.component.html","statementMap":{"0":{"start":{"line":1,"column":0},"end":{"line":1,"column":46}}},"fnMap":{},"branchMap":{},"s":{"0":1},"f":{},"b":{},"inputSourceMap":null,"_coverageSchema":"1a1c01bbd47fc00a2c39e90264f33305004495a9","hash":"a19e7052df91c2e50f4c884b3e59943c80416b31"}
,"D:\\Cognizant\\Projet_Miam\\miam\\frontend\\src\\app\\layout\\app-toolbar\\app-toolbar.component.ts": {"path":"D:\\Cognizant\\Projet_Miam\\miam\\frontend\\src\\app\\layout\\app-toolbar\\app-toolbar.component.ts","statementMap":{"0":{"start":{"line":1,"column":0},"end":{"line":1,"column":50}},"1":{"start":{"line":8,"column":32},"end":{"line":15,"column":null}},"2":{"start":{"line":8,"column":13},"end":{"line":15,"column":null}},"3":{"start":{"line":8,"column":13},"end":{"line":8,"column":32}}},"fnMap":{"0":{"name":"(anonymous_0)","decl":{"start":{"line":10,"column":2},"end":{"line":10,"column":18}},"loc":{"start":{"line":10,"column":2},"end":{"line":10,"column":19}}},"1":{"name":"(anonymous_1)","decl":{"start":{"line":12,"column":2},"end":{"line":12,"column":10}},"loc":{"start":{"line":12,"column":10},"end":{"line":13,"column":3}}}},"branchMap":{},"s":{"0":1,"1":1,"2":1,"3":1},"f":{"0":0,"1":0},"b":{}}
,"D:\\Cognizant\\Projet_Miam\\miam\\frontend\\src\\app\\layout\\header-menu\\header-menu.component.html": {"path":"D:\\Cognizant\\Projet_Miam\\miam\\frontend\\src\\app\\layout\\header-menu\\header-menu.component.html","statementMap":{"0":{"start":{"line":1,"column":0},"end":{"line":1,"column":46}}},"fnMap":{},"branchMap":{},"s":{"0":1},"f":{},"b":{},"inputSourceMap":null,"_coverageSchema":"1a1c01bbd47fc00a2c39e90264f33305004495a9","hash":"4d9756aaa7f98b604892faee46611ee546c915c5"}
,"D:\\Cognizant\\Projet_Miam\\miam\\frontend\\src\\app\\layout\\header-menu\\header-menu.component.ts": {"path":"D:\\Cognizant\\Projet_Miam\\miam\\frontend\\src\\app\\layout\\header-menu\\header-menu.component.ts","statementMap":{"0":{"start":{"line":1,"column":0},"end":{"line":1,"column":50}},"1":{"start":{"line":8,"column":32},"end":{"line":15,"column":null}},"2":{"start":{"line":8,"column":13},"end":{"line":15,"column":null}},"3":{"start":{"line":8,"column":13},"end":{"line":8,"column":32}}},"fnMap":{"0":{"name":"(anonymous_0)","decl":{"start":{"line":10,"column":2},"end":{"line":10,"column":18}},"loc":{"start":{"line":10,"column":2},"end":{"line":10,"column":19}}},"1":{"name":"(anonymous_1)","decl":{"start":{"line":12,"column":2},"end":{"line":12,"column":10}},"loc":{"start":{"line":12,"column":10},"end":{"line":13,"column":3}}}},"branchMap":{},"s":{"0":1,"1":1,"2":1,"3":1},"f":{"0":0,"1":0},"b":{}}
,"D:\\Cognizant\\Projet_Miam\\miam\\frontend\\src\\app\\layout\\page-container\\page-container.component.html": {"path":"D:\\Cognizant\\Projet_Miam\\miam\\frontend\\src\\app\\layout\\page-container\\page-container.component.html","statementMap":{"0":{"start":{"line":1,"column":0},"end":{"line":1,"column":211}}},"fnMap":{},"branchMap":{},"s":{"0":1},"f":{},"b":{},"inputSourceMap":null,"_coverageSchema":"1a1c01bbd47fc00a2c39e90264f33305004495a9","hash":"00d428c41851f3ecbcdffb3aaa39ee70f990d786"}
,"D:\\Cognizant\\Projet_Miam\\miam\\frontend\\src\\app\\layout\\page-container\\page-container.component.ts": {"path":"D:\\Cognizant\\Projet_Miam\\miam\\frontend\\src\\app\\layout\\page-container\\page-container.component.ts","statementMap":{"0":{"start":{"line":1,"column":0},"end":{"line":1,"column":50}},"1":{"start":{"line":8,"column":35},"end":{"line":15,"column":null}},"2":{"start":{"line":8,"column":13},"end":{"line":15,"column":null}},"3":{"start":{"line":8,"column":13},"end":{"line":8,"column":35}}},"fnMap":{"0":{"name":"(anonymous_0)","decl":{"start":{"line":10,"column":2},"end":{"line":10,"column":18}},"loc":{"start":{"line":10,"column":2},"end":{"line":10,"column":19}}},"1":{"name":"(anonymous_1)","decl":{"start":{"line":12,"column":2},"end":{"line":12,"column":10}},"loc":{"start":{"line":12,"column":10},"end":{"line":13,"column":3}}}},"branchMap":{},"s":{"0":1,"1":1,"2":1,"3":1},"f":{"0":0,"1":0},"b":{}}
,"D:\\Cognizant\\Projet_Miam\\miam\\frontend\\src\\app\\pipes\\decode-error-message.pipe.ts": {"path":"D:\\Cognizant\\Projet_Miam\\miam\\frontend\\src\\app\\pipes\\decode-error-message.pipe.ts","statementMap":{"0":{"start":{"line":1,"column":0},"end":{"line":1,"column":52}},"1":{"start":{"line":10,"column":35},"end":{"line":16,"column":null}},"2":{"start":{"line":13,"column":4},"end":{"line":13,"column":25}},"3":{"start":{"line":10,"column":13},"end":{"line":16,"column":null}},"4":{"start":{"line":10,"column":13},"end":{"line":10,"column":35}}},"fnMap":{"0":{"name":"(anonymous_0)","decl":{"start":{"line":12,"column":2},"end":{"line":12,"column":11}},"loc":{"start":{"line":12,"column":42},"end":{"line":14,"column":3}}}},"branchMap":{},"s":{"0":1,"1":1,"2":0,"3":1,"4":1},"f":{"0":0},"b":{}}
,"D:\\Cognizant\\Projet_Miam\\miam\\frontend\\src\\app\\recipe\\recipe-service.service.ts": {"path":"D:\\Cognizant\\Projet_Miam\\miam\\frontend\\src\\app\\recipe\\recipe-service.service.ts","statementMap":{"0":{"start":{"line":1,"column":0},"end":{"line":1,"column":43}},"1":{"start":{"line":2,"column":0},"end":{"line":2,"column":9}},"2":{"start":{"line":3,"column":0},"end":{"line":3,"column":60}},"3":{"start":{"line":10,"column":33},"end":{"line":28,"column":null}},"4":{"start":{"line":14,"column":22},"end":{"line":14,"column":39}},"5":{"start":{"line":11,"column":11},"end":{"line":11,"column":38}},"6":{"start":{"line":12,"column":10},"end":{"line":12,"column":92}},"7":{"start":{"line":18,"column":4},"end":{"line":18,"column":109}},"8":{"start":{"line":22,"column":4},"end":{"line":22,"column":98}},"9":{"start":{"line":26,"column":4},"end":{"line":26,"column":null}},"10":{"start":{"line":10,"column":13},"end":{"line":28,"column":null}},"11":{"start":{"line":10,"column":13},"end":{"line":10,"column":33}}},"fnMap":{"0":{"name":"(anonymous_0)","decl":{"start":{"line":14,"column":2},"end":{"line":14,"column":22}},"loc":{"start":{"line":14,"column":39},"end":{"line":15,"column":3}}},"1":{"name":"(anonymous_1)","decl":{"start":{"line":17,"column":2},"end":{"line":17,"column":12}},"loc":{"start":{"line":17,"column":27},"end":{"line":19,"column":3}}},"2":{"name":"(anonymous_2)","decl":{"start":{"line":21,"column":2},"end":{"line":21,"column":15}},"loc":{"start":{"line":21,"column":15},"end":{"line":23,"column":3}}},"3":{"name":"(anonymous_3)","decl":{"start":{"line":25,"column":2},"end":{"line":25,"column":12}},"loc":{"start":{"line":25,"column":24},"end":{"line":27,"column":3}}}},"branchMap":{},"s":{"0":1,"1":1,"2":1,"3":1,"4":0,"5":0,"6":0,"7":0,"8":0,"9":0,"10":1,"11":1},"f":{"0":0,"1":0,"2":0,"3":0},"b":{}}
,"D:\\Cognizant\\Projet_Miam\\miam\\frontend\\src\\app\\recipe\\recipe\\recipe.component.html": {"path":"D:\\Cognizant\\Projet_Miam\\miam\\frontend\\src\\app\\recipe\\recipe\\recipe.component.html","statementMap":{"0":{"start":{"line":1,"column":0},"end":{"line":1,"column":544}}},"fnMap":{},"branchMap":{},"s":{"0":1},"f":{},"b":{},"inputSourceMap":null,"_coverageSchema":"1a1c01bbd47fc00a2c39e90264f33305004495a9","hash":"b6d6002331256638316a74b03174ab7ccf2f8b71"}
,"D:\\Cognizant\\Projet_Miam\\miam\\frontend\\src\\app\\recipe\\recipe\\recipe.component.ts": {"path":"D:\\Cognizant\\Projet_Miam\\miam\\frontend\\src\\app\\recipe\\recipe\\recipe.component.ts","statementMap":{"0":{"start":{"line":1,"column":0},"end":{"line":1,"column":57}},"1":{"start":{"line":9,"column":28},"end":{"line":20,"column":null}},"2":{"start":{"line":13,"column":11},"end":{"line":13,"column":56}},"3":{"start":{"line":17,"column":4},"end":{"line":17,"column":null}},"4":{"start":{"line":9,"column":13},"end":{"line":20,"column":null}},"5":{"start":{"line":9,"column":13},"end":{"line":9,"column":28}}},"fnMap":{"0":{"name":"(anonymous_0)","decl":{"start":{"line":14,"column":2},"end":{"line":14,"column":18}},"loc":{"start":{"line":14,"column":2},"end":{"line":14,"column":19}}},"1":{"name":"(anonymous_1)","decl":{"start":{"line":16,"column":2},"end":{"line":16,"column":10}},"loc":{"start":{"line":16,"column":10},"end":{"line":18,"column":3}}}},"branchMap":{},"s":{"0":1,"1":1,"2":0,"3":0,"4":1,"5":1},"f":{"0":0,"1":0},"b":{}}
,"D:\\Cognizant\\Projet_Miam\\miam\\frontend\\src\\app\\recipe\\recipe-page\\recipe-page.component.html": {"path":"D:\\Cognizant\\Projet_Miam\\miam\\frontend\\src\\app\\recipe\\recipe-page\\recipe-page.component.html","statementMap":{"0":{"start":{"line":1,"column":0},"end":{"line":1,"column":46}}},"fnMap":{},"branchMap":{},"s":{"0":1},"f":{},"b":{},"inputSourceMap":null,"_coverageSchema":"1a1c01bbd47fc00a2c39e90264f33305004495a9","hash":"1fc3ba8a1381f6ba587429e32164a45fca554415"}
,"D:\\Cognizant\\Projet_Miam\\miam\\frontend\\src\\app\\recipe\\recipe-page\\recipe-page.component.ts": {"path":"D:\\Cognizant\\Projet_Miam\\miam\\frontend\\src\\app\\recipe\\recipe-page\\recipe-page.component.ts","statementMap":{"0":{"start":{"line":1,"column":0},"end":{"line":1,"column":50}},"1":{"start":{"line":8,"column":32},"end":{"line":15,"column":null}},"2":{"start":{"line":8,"column":13},"end":{"line":15,"column":null}},"3":{"start":{"line":8,"column":13},"end":{"line":8,"column":32}}},"fnMap":{"0":{"name":"(anonymous_0)","decl":{"start":{"line":10,"column":2},"end":{"line":10,"column":18}},"loc":{"start":{"line":10,"column":2},"end":{"line":10,"column":19}}},"1":{"name":"(anonymous_1)","decl":{"start":{"line":12,"column":2},"end":{"line":12,"column":10}},"loc":{"start":{"line":12,"column":10},"end":{"line":13,"column":3}}}},"branchMap":{},"s":{"0":1,"1":1,"2":1,"3":1},"f":{"0":0,"1":0},"b":{}}
,"D:\\Cognizant\\Projet_Miam\\miam\\frontend\\src\\app\\views\\about\\about.component.html": {"path":"D:\\Cognizant\\Projet_Miam\\miam\\frontend\\src\\app\\views\\about\\about.component.html","statementMap":{"0":{"start":{"line":1,"column":0},"end":{"line":1,"column":40}}},"fnMap":{},"branchMap":{},"s":{"0":1},"f":{},"b":{},"inputSourceMap":null,"_coverageSchema":"1a1c01bbd47fc00a2c39e90264f33305004495a9","hash":"99648143a91739c85e423f8f38cabac80882b3fa"}
,"D:\\Cognizant\\Projet_Miam\\miam\\frontend\\src\\app\\views\\about\\about.component.ts": {"path":"D:\\Cognizant\\Projet_Miam\\miam\\frontend\\src\\app\\views\\about\\about.component.ts","statementMap":{"0":{"start":{"line":1,"column":0},"end":{"line":1,"column":50}},"1":{"start":{"line":8,"column":27},"end":{"line":15,"column":null}},"2":{"start":{"line":8,"column":13},"end":{"line":15,"column":null}},"3":{"start":{"line":8,"column":13},"end":{"line":8,"column":27}}},"fnMap":{"0":{"name":"(anonymous_0)","decl":{"start":{"line":10,"column":2},"end":{"line":10,"column":18}},"loc":{"start":{"line":10,"column":2},"end":{"line":10,"column":19}}},"1":{"name":"(anonymous_1)","decl":{"start":{"line":12,"column":2},"end":{"line":12,"column":10}},"loc":{"start":{"line":12,"column":10},"end":{"line":13,"column":3}}}},"branchMap":{},"s":{"0":1,"1":1,"2":1,"3":1},"f":{"0":0,"1":0},"b":{}}
,"D:\\Cognizant\\Projet_Miam\\miam\\frontend\\src\\app\\views\\home\\home.component.html": {"path":"D:\\Cognizant\\Projet_Miam\\miam\\frontend\\src\\app\\views\\home\\home.component.html","statementMap":{"0":{"start":{"line":1,"column":0},"end":{"line":1,"column":207}}},"fnMap":{},"branchMap":{},"s":{"0":1},"f":{},"b":{},"inputSourceMap":null,"_coverageSchema":"1a1c01bbd47fc00a2c39e90264f33305004495a9","hash":"6fe9686b0a79fdfa5d3b1812446168f9c9b5d195"}
,"D:\\Cognizant\\Projet_Miam\\miam\\frontend\\src\\app\\views\\home\\home.component.ts": {"path":"D:\\Cognizant\\Projet_Miam\\miam\\frontend\\src\\app\\views\\home\\home.component.ts","statementMap":{"0":{"start":{"line":1,"column":0},"end":{"line":1,"column":50}},"1":{"start":{"line":9,"column":26},"end":{"line":53,"column":null}},"2":{"start":{"line":10,"column":2},"end":{"line":48,"column":null}},"3":{"start":{"line":9,"column":13},"end":{"line":53,"column":null}},"4":{"start":{"line":9,"column":13},"end":{"line":9,"column":26}}},"fnMap":{"0":{"name":"(anonymous_1)","decl":{"start":{"line":50,"column":2},"end":{"line":50,"column":10}},"loc":{"start":{"line":50,"column":10},"end":{"line":51,"column":3}}}},"branchMap":{},"s":{"0":1,"1":1,"2":0,"3":1,"4":1},"f":{"0":0},"b":{}}
,"D:\\Cognizant\\Projet_Miam\\miam\\frontend\\src\\app\\views\\maintenance\\maintenance.component.html": {"path":"D:\\Cognizant\\Projet_Miam\\miam\\frontend\\src\\app\\views\\maintenance\\maintenance.component.html","statementMap":{"0":{"start":{"line":1,"column":0},"end":{"line":1,"column":46}}},"fnMap":{},"branchMap":{},"s":{"0":1},"f":{},"b":{},"inputSourceMap":null,"_coverageSchema":"1a1c01bbd47fc00a2c39e90264f33305004495a9","hash":"5f8137431b6aa73aac1465f3bbac2089006af809"}
,"D:\\Cognizant\\Projet_Miam\\miam\\frontend\\src\\app\\views\\maintenance\\maintenance.component.ts": {"path":"D:\\Cognizant\\Projet_Miam\\miam\\frontend\\src\\app\\views\\maintenance\\maintenance.component.ts","statementMap":{"0":{"start":{"line":1,"column":0},"end":{"line":1,"column":50}},"1":{"start":{"line":8,"column":33},"end":{"line":15,"column":null}},"2":{"start":{"line":8,"column":13},"end":{"line":15,"column":null}},"3":{"start":{"line":8,"column":13},"end":{"line":8,"column":33}}},"fnMap":{"0":{"name":"(anonymous_0)","decl":{"start":{"line":10,"column":2},"end":{"line":10,"column":18}},"loc":{"start":{"line":10,"column":2},"end":{"line":10,"column":19}}},"1":{"name":"(anonymous_1)","decl":{"start":{"line":12,"column":2},"end":{"line":12,"column":10}},"loc":{"start":{"line":12,"column":10},"end":{"line":13,"column":3}}}},"branchMap":{},"s":{"0":1,"1":1,"2":1,"3":1},"f":{"0":0,"1":0},"b":{}}
,"D:\\Cognizant\\Projet_Miam\\miam\\frontend\\src\\environments\\environment.ts": {"path":"D:\\Cognizant\\Projet_Miam\\miam\\frontend\\src\\environments\\environment.ts","statementMap":{"0":{"start":{"line":5,"column":13},"end":{"line":8,"column":2}}},"fnMap":{},"branchMap":{},"s":{"0":3},"f":{},"b":{}}
}
