# JRE version: OpenJDK Runtime Environment (15.0.2+7) (build 15.0.2+7)
# Java VM: OpenJDK 64-Bit Server VM (15.0.2+7, mixed mode, sharing, tiered, compressed oops, g1 gc, bsd-amd64)
GC Precious Log:
 CPUs: 4 total, 4 available
 Memory: 8192M
 Large Page Support: Disabled
 NUMA Support: Disabled
 Compressed Oops: Enabled (Zero based)
 Heap Region Size: 1M
 Heap Min Capacity: 256M
 Heap Initial Capacity: 256M
 Heap Max Capacity: 512M
 Pre-touch: Disabled
 Parallel Workers: 4
 Concurrent Workers: 1
 Concurrent Refinement Workers: 4
 Periodic GC: Disabled
Heap:
 garbage-first heap   total 262144K, used 119811K [0x00000007e0000000, 0x0000000800000000)
  region size 1024K, 45 young (46080K), 10 survivors (10240K)
 Metaspace       used 76018K, capacity 77157K, committed 78364K, reserved 323584K
  class space    used 9761K, capacity 10150K, committed 10188K, reserved 253952K
GC Heap History (20 events):
Event: 15.205 GC heap before
{Heap before GC invocations=8 (full 0):
 garbage-first heap   total 262144K, used 128831K [0x00000007e0000000, 0x0000000800000000)
  region size 1024K, 109 young (111616K), 17 survivors (17408K)
 Metaspace       used 58552K, capacity 59392K, committed 60240K, reserved 307200K
  class space    used 7860K, capacity 8138K, committed 8192K, reserved 253952K
}
Event: 15.243 GC heap after
{Heap after GC invocations=9 (full 0):
 garbage-first heap   total 262144K, used 45657K [0x00000007e0000000, 0x0000000800000000)
  region size 1024K, 18 young (18432K), 18 survivors (18432K)
 Metaspace       used 58552K, capacity 59392K, committed 60240K, reserved 307200K
  class space    used 7860K, capacity 8138K, committed 8192K, reserved 253952K
}
Event: 18.777 GC heap before
{Heap before GC invocations=10 (full 0):
 garbage-first heap   total 262144K, used 183897K [0x00000007e0000000, 0x0000000800000000)
  region size 1024K, 153 young (156672K), 18 survivors (18432K)
 Metaspace       used 61699K, capacity 62663K, committed 63644K, reserved 309248K
  class space    used 8108K, capacity 8413K, committed 8524K, reserved 253952K
}
Event: 18.817 GC heap after
{Heap after GC invocations=11 (full 0):
 garbage-first heap   total 262144K, used 51312K [0x00000007e0000000, 0x0000000800000000)
  region size 1024K, 15 young (15360K), 15 survivors (15360K)
 Metaspace       used 61699K, capacity 62663K, committed 63644K, reserved 309248K
  class space    used 8108K, capacity 8413K, committed 8524K, reserved 253952K
}
Event: 20.552 GC heap before
{Heap before GC invocations=11 (full 0):
 garbage-first heap   total 262144K, used 192624K [0x00000007e0000000, 0x0000000800000000)
  region size 1024K, 153 young (156672K), 15 survivors (15360K)
 Metaspace       used 63766K, capacity 64685K, committed 65692K, reserved 311296K
  class space    used 8369K, capacity 8703K, committed 8780K, reserved 253952K
}
Event: 20.619 GC heap after
{Heap after GC invocations=12 (full 0):
 garbage-first heap   total 262144K, used 67929K [0x00000007e0000000, 0x0000000800000000)
  region size 1024K, 20 young (20480K), 20 survivors (20480K)
 Metaspace       used 63766K, capacity 64685K, committed 65692K, reserved 311296K
  class space    used 8369K, capacity 8703K, committed 8780K, reserved 253952K
}
Event: 22.723 GC heap before
{Heap before GC invocations=12 (full 0):
 garbage-first heap   total 262144K, used 200025K [0x00000007e0000000, 0x0000000800000000)
  region size 1024K, 148 young (151552K), 20 survivors (20480K)
 Metaspace       used 70638K, capacity 71653K, committed 72988K, reserved 317440K
  class space    used 9221K, capacity 9551K, committed 9676K, reserved 253952K
}
Event: 22.763 GC heap after
{Heap after GC invocations=13 (full 0):
 garbage-first heap   total 262144K, used 81274K [0x00000007e0000000, 0x0000000800000000)
  region size 1024K, 12 young (12288K), 12 survivors (12288K)
 Metaspace       used 70638K, capacity 71653K, committed 72988K, reserved 317440K
  class space    used 9221K, capacity 9551K, committed 9676K, reserved 253952K
}
Event: 23.960 GC heap before
{Heap before GC invocations=13 (full 0):
 garbage-first heap   total 262144K, used 198010K [0x00000007e0000000, 0x0000000800000000)
  region size 1024K, 126 young (129024K), 12 survivors (12288K)
 Metaspace       used 73660K, capacity 74844K, committed 76188K, reserved 321536K
  class space    used 9596K, capacity 9993K, committed 10060K, reserved 253952K
}
Event: 23.973 GC heap after
{Heap after GC invocations=14 (full 0):
 garbage-first heap   total 262144K, used 78799K [0x00000007e0000000, 0x0000000800000000)
  region size 1024K, 5 young (5120K), 5 survivors (5120K)
 Metaspace       used 73660K, capacity 74844K, committed 76188K, reserved 321536K
  class space    used 9596K, capacity 9993K, committed 10060K, reserved 253952K
}
Event: 24.265 GC heap before
{Heap before GC invocations=14 (full 0):
 garbage-first heap   total 262144K, used 202703K [0x00000007e0000000, 0x0000000800000000)
  region size 1024K, 125 young (128000K), 5 survivors (5120K)
 Metaspace       used 73863K, capacity 74981K, committed 76188K, reserved 321536K
  class space    used 9610K, capacity 9996K, committed 10060K, reserved 253952K
}
Event: 24.271 GC heap after
{Heap after GC invocations=15 (full 0):
 garbage-first heap   total 262144K, used 76239K [0x00000007e0000000, 0x0000000800000000)
  region size 1024K, 3 young (3072K), 3 survivors (3072K)
 Metaspace       used 73863K, capacity 74981K, committed 76188K, reserved 321536K
  class space    used 9610K, capacity 9996K, committed 10060K, reserved 253952K
}
Event: 24.495 GC heap before
{Heap before GC invocations=15 (full 0):
 garbage-first heap   total 262144K, used 209359K [0x00000007e0000000, 0x0000000800000000)
  region size 1024K, 131 young (134144K), 3 survivors (3072K)
 Metaspace       used 74122K, capacity 75173K, committed 76444K, reserved 321536K
  class space    used 9634K, capacity 9996K, committed 10060K, reserved 253952K
}
Event: 24.500 GC heap after
{Heap after GC invocations=16 (full 0):
 garbage-first heap   total 262144K, used 76862K [0x00000007e0000000, 0x0000000800000000)
  region size 1024K, 3 young (3072K), 3 survivors (3072K)
 Metaspace       used 74122K, capacity 75173K, committed 76444K, reserved 321536K
  class space    used 9634K, capacity 9996K, committed 10060K, reserved 253952K
}
Event: 1108.759 GC heap before
{Heap before GC invocations=16 (full 0):
 garbage-first heap   total 262144K, used 211006K [0x00000007e0000000, 0x0000000800000000)
  region size 1024K, 135 young (138240K), 3 survivors (3072K)
 Metaspace       used 75618K, capacity 76834K, committed 78108K, reserved 323584K
  class space    used 9748K, capacity 10149K, committed 10188K, reserved 253952K
}
Event: 1108.897 GC heap after
{Heap after GC invocations=17 (full 0):
 garbage-first heap   total 262144K, used 81867K [0x00000007e0000000, 0x0000000800000000)
  region size 1024K, 9 young (9216K), 9 survivors (9216K)
 Metaspace       used 75618K, capacity 76834K, committed 78108K, reserved 323584K
  class space    used 9748K, capacity 10149K, committed 10188K, reserved 253952K
}
Event: 1111.246 GC heap before
{Heap before GC invocations=17 (full 0):
 garbage-first heap   total 262144K, used 211915K [0x00000007e0000000, 0x0000000800000000)
  region size 1024K, 136 young (139264K), 9 survivors (9216K)
 Metaspace       used 75846K, capacity 77029K, committed 78108K, reserved 323584K
  class space    used 9755K, capacity 10150K, committed 10188K, reserved 253952K
}
Event: 1111.283 GC heap after
{Heap after GC invocations=18 (full 0):
 garbage-first heap   total 262144K, used 85455K [0x00000007e0000000, 0x0000000800000000)
  region size 1024K, 11 young (11264K), 11 survivors (11264K)
 Metaspace       used 75846K, capacity 77029K, committed 78108K, reserved 323584K
  class space    used 9755K, capacity 10150K, committed 10188K, reserved 253952K
}
Event: 1111.449 GC heap before
{Heap before GC invocations=18 (full 0):
 garbage-first heap   total 262144K, used 216527K [0x00000007e0000000, 0x0000000800000000)
  region size 1024K, 137 young (140288K), 11 survivors (11264K)
 Metaspace       used 75864K, capacity 77029K, committed 78108K, reserved 323584K
  class space    used 9755K, capacity 10150K, committed 10188K, reserved 253952K
}
Event: 1111.469 GC heap after
{Heap after GC invocations=19 (full 0):
 garbage-first heap   total 262144K, used 86019K [0x00000007e0000000, 0x0000000800000000)
  region size 1024K, 10 young (10240K), 10 survivors (10240K)
 Metaspace       used 75864K, capacity 77029K, committed 78108K, reserved 323584K
  class space    used 9755K, capacity 10150K, committed 10188K, reserved 253952K
}

