# JRE version: OpenJDK Runtime Environment (15.0.2+7) (build 15.0.2+7)
# Java VM: OpenJDK 64-Bit Server VM (15.0.2+7, mixed mode, sharing, tiered, compressed oops, g1 gc, bsd-amd64)
GC Precious Log:
 CPUs: 4 total, 4 available
 Memory: 8192M
 Large Page Support: Disabled
 NUMA Support: Disabled
 Compressed Oops: Enabled (Zero based)
 Heap Region Size: 1M
 Heap Min Capacity: 8M
 Heap Initial Capacity: 128M
 Heap Max Capacity: 2G
 Pre-touch: Disabled
 Parallel Workers: 4
 Concurrent Workers: 1
 Concurrent Refinement Workers: 4
 Periodic GC: Disabled
Heap:
 garbage-first heap   total 99328K, used 69261K [0x0000000780000000, 0x0000000800000000)
  region size 1024K, 15 young (15360K), 1 survivors (1024K)
 Metaspace       used 66214K, capacity 67392K, committed 68016K, reserved 1107968K
  class space    used 9140K, capacity 9470K, committed 9472K, reserved 1048576K
GC Heap History (20 events):
Event: 97.554 GC heap before
{Heap before GC invocations=34 (full 0):
 garbage-first heap   total 56320K, used 44714K [0x0000000780000000, 0x0000000800000000)
  region size 1024K, 17 young (17408K), 2 survivors (2048K)
 Metaspace       used 63521K, capacity 64743K, committed 65456K, reserved 1105920K
  class space    used 8833K, capacity 9162K, committed 9216K, reserved 1048576K
}
Event: 97.571 GC heap after
{Heap after GC invocations=35 (full 0):
 garbage-first heap   total 56320K, used 30745K [0x0000000780000000, 0x0000000800000000)
  region size 1024K, 3 young (3072K), 3 survivors (3072K)
 Metaspace       used 63521K, capacity 64743K, committed 65456K, reserved 1105920K
  class space    used 8833K, capacity 9162K, committed 9216K, reserved 1048576K
}
Event: 98.517 GC heap before
{Heap before GC invocations=35 (full 0):
 garbage-first heap   total 61440K, used 43033K [0x0000000780000000, 0x0000000800000000)
  region size 1024K, 16 young (16384K), 3 survivors (3072K)
 Metaspace       used 64113K, capacity 65326K, committed 65968K, reserved 1105920K
  class space    used 8902K, capacity 9206K, committed 9216K, reserved 1048576K
}
Event: 98.532 GC heap after
{Heap after GC invocations=36 (full 0):
 garbage-first heap   total 73728K, used 33124K [0x0000000780000000, 0x0000000800000000)
  region size 1024K, 2 young (2048K), 2 survivors (2048K)
 Metaspace       used 64113K, capacity 65326K, committed 65968K, reserved 1105920K
  class space    used 8902K, capacity 9206K, committed 9216K, reserved 1048576K
}
Event: 99.180 GC heap before
{Heap before GC invocations=37 (full 0):
 garbage-first heap   total 73728K, used 58724K [0x0000000780000000, 0x0000000800000000)
  region size 1024K, 26 young (26624K), 2 survivors (2048K)
 Metaspace       used 64234K, capacity 65422K, committed 66096K, reserved 1105920K
  class space    used 8913K, capacity 9238K, committed 9344K, reserved 1048576K
}
Event: 99.185 GC heap after
{Heap after GC invocations=38 (full 0):
 garbage-first heap   total 73728K, used 35133K [0x0000000780000000, 0x0000000800000000)
  region size 1024K, 4 young (4096K), 4 survivors (4096K)
 Metaspace       used 64234K, capacity 65422K, committed 66096K, reserved 1105920K
  class space    used 8913K, capacity 9238K, committed 9344K, reserved 1048576K
}
Event: 99.219 GC heap before
{Heap before GC invocations=38 (full 0):
 garbage-first heap   total 73728K, used 46397K [0x0000000780000000, 0x0000000800000000)
  region size 1024K, 17 young (17408K), 4 survivors (4096K)
 Metaspace       used 64240K, capacity 65422K, committed 66096K, reserved 1105920K
  class space    used 8913K, capacity 9238K, committed 9344K, reserved 1048576K
}
Event: 99.231 GC heap after
{Heap after GC invocations=39 (full 0):
 garbage-first heap   total 73728K, used 38280K [0x0000000780000000, 0x0000000800000000)
  region size 1024K, 4 young (4096K), 4 survivors (4096K)
 Metaspace       used 64240K, capacity 65422K, committed 66096K, reserved 1105920K
  class space    used 8913K, capacity 9238K, committed 9344K, reserved 1048576K
}
Event: 99.432 GC heap before
{Heap before GC invocations=39 (full 0):
 garbage-first heap   total 73728K, used 55688K [0x0000000780000000, 0x0000000800000000)
  region size 1024K, 21 young (21504K), 4 survivors (4096K)
 Metaspace       used 64258K, capacity 65422K, committed 66096K, reserved 1105920K
  class space    used 8913K, capacity 9238K, committed 9344K, reserved 1048576K
}
Event: 99.445 GC heap after
{Heap after GC invocations=40 (full 0):
 garbage-first heap   total 73728K, used 43514K [0x0000000780000000, 0x0000000800000000)
  region size 1024K, 3 young (3072K), 3 survivors (3072K)
 Metaspace       used 64258K, capacity 65422K, committed 66096K, reserved 1105920K
  class space    used 8913K, capacity 9238K, committed 9344K, reserved 1048576K
}
Event: 99.623 GC heap before
{Heap before GC invocations=40 (full 0):
 garbage-first heap   total 73728K, used 54778K [0x0000000780000000, 0x0000000800000000)
  region size 1024K, 15 young (15360K), 3 survivors (3072K)
 Metaspace       used 64260K, capacity 65422K, committed 66096K, reserved 1105920K
  class space    used 8913K, capacity 9238K, committed 9344K, reserved 1048576K
}
Event: 99.655 GC heap after
{Heap after GC invocations=41 (full 0):
 garbage-first heap   total 73728K, used 46924K [0x0000000780000000, 0x0000000800000000)
  region size 1024K, 2 young (2048K), 2 survivors (2048K)
 Metaspace       used 64260K, capacity 65422K, committed 66096K, reserved 1105920K
  class space    used 8913K, capacity 9238K, committed 9344K, reserved 1048576K
}
Event: 99.677 GC heap before
{Heap before GC invocations=41 (full 0):
 garbage-first heap   total 73728K, used 56140K [0x0000000780000000, 0x0000000800000000)
  region size 1024K, 11 young (11264K), 2 survivors (2048K)
 Metaspace       used 64264K, capacity 65422K, committed 66096K, reserved 1105920K
  class space    used 8913K, capacity 9238K, committed 9344K, reserved 1048576K
}
Event: 99.682 GC heap after
{Heap after GC invocations=42 (full 0):
 garbage-first heap   total 73728K, used 50398K [0x0000000780000000, 0x0000000800000000)
  region size 1024K, 2 young (2048K), 2 survivors (2048K)
 Metaspace       used 64264K, capacity 65422K, committed 66096K, reserved 1105920K
  class space    used 8913K, capacity 9238K, committed 9344K, reserved 1048576K
}
Event: 99.721 GC heap before
{Heap before GC invocations=42 (full 0):
 garbage-first heap   total 73728K, used 56542K [0x0000000780000000, 0x0000000800000000)
  region size 1024K, 9 young (9216K), 2 survivors (2048K)
 Metaspace       used 64300K, capacity 65486K, committed 66352K, reserved 1105920K
  class space    used 8913K, capacity 9238K, committed 9344K, reserved 1048576K
}
Event: 99.753 GC heap after
{Heap after GC invocations=43 (full 0):
 garbage-first heap   total 73728K, used 52207K [0x0000000780000000, 0x0000000800000000)
  region size 1024K, 2 young (2048K), 2 survivors (2048K)
 Metaspace       used 64300K, capacity 65486K, committed 66352K, reserved 1105920K
  class space    used 8913K, capacity 9238K, committed 9344K, reserved 1048576K
}
Event: 99.839 GC heap before
{Heap before GC invocations=43 (full 0):
 garbage-first heap   total 73728K, used 58351K [0x0000000780000000, 0x0000000800000000)
  region size 1024K, 8 young (8192K), 2 survivors (2048K)
 Metaspace       used 64302K, capacity 65486K, committed 66352K, reserved 1105920K
  class space    used 8913K, capacity 9238K, committed 9344K, reserved 1048576K
}
Event: 99.862 GC heap after
{Heap after GC invocations=44 (full 0):
 garbage-first heap   total 73728K, used 55270K [0x0000000780000000, 0x0000000800000000)
  region size 1024K, 1 young (1024K), 1 survivors (1024K)
 Metaspace       used 64302K, capacity 65486K, committed 66352K, reserved 1105920K
  class space    used 8913K, capacity 9238K, committed 9344K, reserved 1048576K
}
Event: 100.070 GC heap before
{Heap before GC invocations=44 (full 0):
 garbage-first heap   total 73728K, used 57318K [0x0000000780000000, 0x0000000800000000)
  region size 1024K, 4 young (4096K), 1 survivors (1024K)
 Metaspace       used 64504K, capacity 65649K, committed 66352K, reserved 1105920K
  class space    used 8940K, capacity 9271K, committed 9344K, reserved 1048576K
}
Event: 100.074 GC heap after
{Heap after GC invocations=45 (full 0):
 garbage-first heap   total 93184K, used 55949K [0x0000000780000000, 0x0000000800000000)
  region size 1024K, 1 young (1024K), 1 survivors (1024K)
 Metaspace       used 64504K, capacity 65649K, committed 66352K, reserved 1105920K
  class space    used 8940K, capacity 9271K, committed 9344K, reserved 1048576K
}

